2025-06-16 06:34:31 Jepsen starting  /opt/cov-server/target/release/cov-server /opt/redis-log/redis.log
[2025-06-16 06:34:31.382329][INFO] Working dir: /opt/redis-log
[2025-06-16 06:34:31.382514][INFO] Configuration CoverageConfig { iptables_rules_filename: "/tmp/iptables-rules.txt", experiment_network: V4(Ipv4Network { addr: 10.1.0.0, prefix: 16 }), nfqueue_queue_num: 1, nfqueue_max_len: 131072, batch_duration_ms: 100, mediator_events_url: "http://control:5000/feedback/collect-local-events", mediator_seq_num_url: "http://control:5000/feedback/submit-sequence-number" }
[2025-06-16 06:34:31.382588][INFO] Init shared memory ...

thread '<unnamed>' panicked at src/main.rs:127:5:
The host address should be in the experiment network!
note: run with `RUST_BACKTRACE=1` environment variable to display a backtrace
[2025-06-16 06:34:31.414510][ERROR] thread panic: PanicHookInfo { payload: Any { .. }, location: Location { file: "src/main.rs", line: 127, col: 5 }, can_unwind: true, force_no_backtrace: false }
[2025-06-16 06:34:31.414848][INFO] Configured for release.
[2025-06-16 06:34:31.414864][INFO] address: 0.0.0.0
[2025-06-16 06:34:31.414870][INFO] port: 58080
[2025-06-16 06:34:31.414875][INFO] workers: 16
[2025-06-16 06:34:31.414880][INFO] max blocking threads: 512
[2025-06-16 06:34:31.414885][INFO] ident: Rocket
[2025-06-16 06:34:31.414890][INFO] IP header: X-Real-IP
[2025-06-16 06:34:31.414895][INFO] limits: bytes = 8KiB, data-form = 2MiB, file = 1MiB, form = 32KiB, json = 1MiB, msgpack = 1MiB, string = 8KiB
[2025-06-16 06:34:31.414903][INFO] temp dir: /tmp
[2025-06-16 06:34:31.414909][INFO] http/2: true
[2025-06-16 06:34:31.414914][INFO] keep-alive: 5s
[2025-06-16 06:34:31.414919][INFO] tls: disabled
[2025-06-16 06:34:31.414924][INFO] shutdown: ctrlc = true, force = true, signals = [SIGTERM], grace = 2s, mercy = 3s
[2025-06-16 06:34:31.414930][INFO] log level: critical
[2025-06-16 06:34:31.414935][INFO] cli colors: true
[2025-06-16 06:34:31.414961][INFO] Routes:
[2025-06-16 06:34:31.414977][INFO] (index) GET /
[2025-06-16 06:34:31.414985][INFO] (start_fuzzing) POST /state/fuzz-starting
[2025-06-16 06:34:31.414990][INFO] (stop_fuzzing) POST /state/fuzz-stopping
[2025-06-16 06:34:31.414995][INFO] (clear_shm) POST /coverage/clear-event-shm
[2025-06-16 06:34:31.415003][INFO] Fairings:
[2025-06-16 06:34:31.415008][INFO] Shield (liftoff, response, singleton)
[2025-06-16 06:34:31.415050][INFO] Shield:
[2025-06-16 06:34:31.415058][INFO] X-Content-Type-Options: nosniff
[2025-06-16 06:34:31.415062][INFO] Permissions-Policy: interest-cohort=()
[2025-06-16 06:34:31.415067][INFO] X-Frame-Options: SAMEORIGIN
[2025-06-16 06:34:31.415074][WARN] Rocket has launched from http://0.0.0.0:58080
[2025-06-16 06:34:31.416064][INFO] File /tmp/iptables-rules.txt not found: No such file or directory (os error 2). No firewall rules to restore.
