2025-06-16 06:34:37 Jepsen starting  /opt/redis/redis-server --protected-mode no --bind 0.0.0.0 --dbfilename redis.rdb --loadmodule /opt/redis/redisraft.so --raft.loglevel debug --raft.log-filename raftlog.db --raft.log-max-file-size 32000 --raft.log-max-cache-size 1000000 --raft.follower-proxy yes
11874:C 16 Jun 2025 06:34:37.455 * oO0OoO0OoO0Oo Redis is starting oO0OoO0OoO0Oo
11874:C 16 Jun 2025 06:34:37.455 * Redis version=255.255.255, bits=64, commit=48ea17f0, modified=0, pid=11874, just started
11874:C 16 Jun 2025 06:34:37.455 * Configuration loaded
11874:M 16 Jun 2025 06:34:37.458 * Increased maximum number of open files to 10032 (it was originally set to 1024).
11874:M 16 Jun 2025 06:34:37.458 * monotonic clock: POSIX clock_gettime
11874:M 16 Jun 2025 06:34:37.461 * Running mode=standalone, port=6379.
11874:M 16 Jun 2025 06:34:37.462 * <raft> RedisRaft version 255.255.255 [5b53a293]
11874:M 16 Jun 2025 06:34:37.499 * <raft> Raft module loaded, state is 'uninitialized'
11874:M 16 Jun 2025 06:34:37.499 * Module 'raft' loaded from /opt/redis/redisraft.so
11874:M 16 Jun 2025 06:34:37.499 * Server initialized
11874:M 16 Jun 2025 06:34:37.499 # WARNING Memory overcommit must be enabled! Without it, a background save or replication may fail under low memory condition. To fix this issue add 'vm.overcommit_memory = 1' to /etc/sysctl.conf and then reboot or run the command 'sysctl vm.overcommit_memory=1' for this to take effect.
11874:M 16 Jun 2025 06:34:37.499 * Ready to accept connections tcp
11874:M 16 Jun 2025 06:34:38.458 # Missing implement of connection type tls
11874:M 16 Jun 2025 06:34:38.617 * <raft> State change: Node is now a leader, term 1
11874:M 16 Jun 2025 06:34:38.617 * <raft> Cluster Membership: term:1 index:1 nodes: id=65723086,voting=0,active=1,addr=-
11874:M 16 Jun 2025 06:34:38.617 * <raft> Raft Cluster initialized, node id: 65723086, dbid: b4b202201563293510c8698508d49476
2025-06-16 06:34:59 Jepsen starting  /opt/redis/redis-server --protected-mode no --bind 0.0.0.0 --dbfilename redis.rdb --loadmodule /opt/redis/redisraft.so --raft.loglevel debug --raft.log-filename raftlog.db --raft.log-max-file-size 32000 --raft.log-max-cache-size 1000000 --raft.follower-proxy yes
12055:C 16 Jun 2025 06:34:59.310 * oO0OoO0OoO0Oo Redis is starting oO0OoO0OoO0Oo
12055:C 16 Jun 2025 06:34:59.310 * Redis version=255.255.255, bits=64, commit=48ea17f0, modified=0, pid=12055, just started
12055:C 16 Jun 2025 06:34:59.310 * Configuration loaded
12055:M 16 Jun 2025 06:34:59.313 * Increased maximum number of open files to 10032 (it was originally set to 1024).
12055:M 16 Jun 2025 06:34:59.313 * monotonic clock: POSIX clock_gettime
12055:M 16 Jun 2025 06:34:59.316 * Running mode=standalone, port=6379.
12055:M 16 Jun 2025 06:34:59.317 * <raft> RedisRaft version 255.255.255 [5b53a293]
12055:M 16 Jun 2025 06:34:59.353 * <raft> Raft module loaded, state is 'loading'
12055:M 16 Jun 2025 06:34:59.353 * Module 'raft' loaded from /opt/redis/redisraft.so
12055:M 16 Jun 2025 06:34:59.353 * Server initialized
12055:M 16 Jun 2025 06:34:59.354 # WARNING Memory overcommit must be enabled! Without it, a background save or replication may fail under low memory condition. To fix this issue add 'vm.overcommit_memory = 1' to /etc/sysctl.conf and then reboot or run the command 'sysctl vm.overcommit_memory=1' for this to take effect.
12055:M 16 Jun 2025 06:34:59.354 * Ready to accept connections tcp
12055:M 16 Jun 2025 06:34:59.421 # Missing implement of connection type tls
12055:M 16 Jun 2025 06:34:59.453 * <raft> Loading: Redis loading complete, snapshot NOT LOADED
12055:M 16 Jun 2025 06:34:59.455 * <raft> Raft state after loading log: log_count=53, first_idx=1, current_idx=53, last_applied_idx=0
12055:M 16 Jun 2025 06:35:00.653 * <raft> State change: Node is now a follower, term 2
12055:M 16 Jun 2025 06:35:00.653 * <raft> Cluster Membership: term:2 index:53 nodes: id=65723086,voting=1,active=1,addr=- id=1558745765,voting=1,active=1,addr=172.19.0.3:6379 id=1690738726,voting=1,active=1,addr=172.19.0.4:6379
2025-06-16 06:35:44 Jepsen starting  /opt/redis/redis-server --protected-mode no --bind 0.0.0.0 --dbfilename redis.rdb --loadmodule /opt/redis/redisraft.so --raft.loglevel debug --raft.log-filename raftlog.db --raft.log-max-file-size 32000 --raft.log-max-cache-size 1000000 --raft.follower-proxy yes
12406:C 16 Jun 2025 06:35:44.266 * oO0OoO0OoO0Oo Redis is starting oO0OoO0OoO0Oo
12406:C 16 Jun 2025 06:35:44.266 * Redis version=255.255.255, bits=64, commit=48ea17f0, modified=0, pid=12406, just started
12406:C 16 Jun 2025 06:35:44.266 * Configuration loaded
12406:M 16 Jun 2025 06:35:44.269 * Increased maximum number of open files to 10032 (it was originally set to 1024).
12406:M 16 Jun 2025 06:35:44.269 * monotonic clock: POSIX clock_gettime
12406:M 16 Jun 2025 06:35:44.272 * Running mode=standalone, port=6379.
12406:M 16 Jun 2025 06:35:44.273 * <raft> RedisRaft version 255.255.255 [5b53a293]
12406:M 16 Jun 2025 06:35:44.310 * <raft> Raft module loaded, state is 'loading'
12406:M 16 Jun 2025 06:35:44.310 * Module 'raft' loaded from /opt/redis/redisraft.so
12406:M 16 Jun 2025 06:35:44.310 * Server initialized
12406:M 16 Jun 2025 06:35:44.310 # WARNING Memory overcommit must be enabled! Without it, a background save or replication may fail under low memory condition. To fix this issue add 'vm.overcommit_memory = 1' to /etc/sysctl.conf and then reboot or run the command 'sysctl vm.overcommit_memory=1' for this to take effect.
12406:M 16 Jun 2025 06:35:44.310 * Ready to accept connections tcp
12406:M 16 Jun 2025 06:35:44.410 * <raft> Loading: Redis loading complete, snapshot NOT LOADED
12406:M 16 Jun 2025 06:35:44.412 * <raft> Raft state after loading log: log_count=63, first_idx=1, current_idx=63, last_applied_idx=0
12406:M 16 Jun 2025 06:35:44.416 # Missing implement of connection type tls
12406:M 16 Jun 2025 06:35:46.246 * <raft> State change: Node is now a follower, term 3
12406:M 16 Jun 2025 06:35:46.246 * <raft> Cluster Membership: term:3 index:63 nodes: id=65723086,voting=1,active=1,addr=- id=1558745765,voting=1,active=1,addr=172.19.0.3:6379 id=1690738726,voting=1,active=1,addr=172.19.0.4:6379
