2025-06-16 06:34:31 Jepsen starting  /opt/cov-server/target/release/cov-server /opt/redis-log/redis.log
[2025-06-16 06:34:31.382329][INFO] Working dir: /opt/redis-log
[2025-06-16 06:34:31.382512][INFO] Configuration CoverageConfig { iptables_rules_filename: "/tmp/iptables-rules.txt", experiment_network: V4(Ipv4Network { addr: 10.1.0.0, prefix: 16 }), nfqueue_queue_num: 1, nfqueue_max_len: 131072, batch_duration_ms: 100, mediator_events_url: "http://control:5000/feedback/collect-local-events", mediator_seq_num_url: "http://control:5000/feedback/submit-sequence-number" }
[2025-06-16 06:34:31.382592][INFO] Init shared memory ...

thread '<unnamed>' panicked at src/main.rs:127:5:
The host address should be in the experiment network!
note: run with `RUST_BACKTRACE=1` environment variable to display a backtrace
[2025-06-16 06:34:31.456198][ERROR] thread panic: PanicHookInfo { payload: Any { .. }, location: Location { file: "src/main.rs", line: 127, col: 5 }, can_unwind: true, force_no_backtrace: false }
[2025-06-16 06:34:31.456429][INFO] Configured for release.
[2025-06-16 06:34:31.456443][INFO] address: 0.0.0.0
[2025-06-16 06:34:31.456449][INFO] port: 58080
[2025-06-16 06:34:31.456457][INFO] workers: 16
[2025-06-16 06:34:31.456462][INFO] max blocking threads: 512
[2025-06-16 06:34:31.456467][INFO] ident: Rocket
[2025-06-16 06:34:31.456471][INFO] IP header: X-Real-IP
[2025-06-16 06:34:31.456476][INFO] limits: bytes = 8KiB, data-form = 2MiB, file = 1MiB, form = 32KiB, json = 1MiB, msgpack = 1MiB, string = 8KiB
[2025-06-16 06:34:31.456483][INFO] temp dir: /tmp
[2025-06-16 06:34:31.456488][INFO] http/2: true
[2025-06-16 06:34:31.456493][INFO] keep-alive: 5s
[2025-06-16 06:34:31.456497][INFO] tls: disabled
[2025-06-16 06:34:31.456502][INFO] shutdown: ctrlc = true, force = true, signals = [SIGTERM], grace = 2s, mercy = 3s
[2025-06-16 06:34:31.456507][INFO] log level: critical
[2025-06-16 06:34:31.456512][INFO] cli colors: true
[2025-06-16 06:34:31.456538][INFO] Routes:
[2025-06-16 06:34:31.456548][INFO] (index) GET /
[2025-06-16 06:34:31.456554][INFO] (start_fuzzing) POST /state/fuzz-starting
[2025-06-16 06:34:31.456559][INFO] (stop_fuzzing) POST /state/fuzz-stopping
[2025-06-16 06:34:31.456563][INFO] (clear_shm) POST /coverage/clear-event-shm
[2025-06-16 06:34:31.456569][INFO] Fairings:
[2025-06-16 06:34:31.456574][INFO] Shield (liftoff, response, singleton)
[2025-06-16 06:34:31.456606][INFO] Shield:
[2025-06-16 06:34:31.456613][INFO] Permissions-Policy: interest-cohort=()
[2025-06-16 06:34:31.456618][INFO] X-Content-Type-Options: nosniff
[2025-06-16 06:34:31.456622][INFO] X-Frame-Options: SAMEORIGIN
[2025-06-16 06:34:31.456628][WARN] Rocket has launched from http://0.0.0.0:58080
[2025-06-16 06:34:31.457579][INFO] File /tmp/iptables-rules.txt not found: No such file or directory (os error 2). No firewall rules to restore.
