Current summary: H[
{"1": 1}
Unified: 0 exec-unique / 0 exec-pairs / 0 exec-triplets
Most hit states: [(16738165381834614119, 1)] (1 states seen, 1 unique)]
Schedule cumulative: H[
{}
Unified: 0 exec-unique / 0 exec-pairs / 0 exec-triplets
Most hit states: [] (0 states seen, 0 unique)]
Overall cumulative: H[
{}
Unified: 0 exec-unique / 0 exec-pairs / 0 exec-triplets
Most hit states: [] (0 states seen, 0 unique)]
Current summary: H[
{"1": 2}
Unified: 0 exec-unique / 0 exec-pairs / 0 exec-triplets
Most hit states: [(16738165381834614119, 2)] (2 states seen, 1 unique)]
Schedule cumulative: H[
{"1": 0}
1: 0 events / 0 unique / 0 exec-unique / 0 exec-pairs
Unified: 0 exec-unique / 0 exec-pairs / 0 exec-triplets
Most hit states: [(16738165381834614119, 1)] (1 states seen, 1 unique)]
Overall cumulative: H[
{}
Unified: 0 exec-unique / 0 exec-pairs / 0 exec-triplets
Most hit states: [] (0 states seen, 0 unique)]
Current summary: H[
{"1": 3}
Unified: 0 exec-unique / 0 exec-pairs / 0 exec-triplets
Most hit states: [(16738165381834614119, 3)] (3 states seen, 1 unique)]
Schedule cumulative: H[
{"1": 0}
1: 0 events / 0 unique / 0 exec-unique / 0 exec-pairs
Unified: 0 exec-unique / 0 exec-pairs / 0 exec-triplets
Most hit states: [(16738165381834614119, 2)] (2 states seen, 1 unique)]
Overall cumulative: H[
{}
Unified: 0 exec-unique / 0 exec-pairs / 0 exec-triplets
Most hit states: [] (0 states seen, 0 unique)]
Current summary: H[
{"1": 4}
Unified: 0 exec-unique / 0 exec-pairs / 0 exec-triplets
Most hit states: [(16738165381834614119, 4)] (4 states seen, 1 unique)]
Schedule cumulative: H[
{"1": 0}
1: 0 events / 0 unique / 0 exec-unique / 0 exec-pairs
Unified: 0 exec-unique / 0 exec-pairs / 0 exec-triplets
Most hit states: [(16738165381834614119, 3)] (3 states seen, 1 unique)]
Overall cumulative: H[
{}
Unified: 0 exec-unique / 0 exec-pairs / 0 exec-triplets
Most hit states: [] (0 states seen, 0 unique)]
Current summary: H[
{"1": 5}
Unified: 0 exec-unique / 0 exec-pairs / 0 exec-triplets
Most hit states: [(16738165381834614119, 5)] (5 states seen, 1 unique)]
Schedule cumulative: H[
{"1": 0}
1: 0 events / 0 unique / 0 exec-unique / 0 exec-pairs
Unified: 0 exec-unique / 0 exec-pairs / 0 exec-triplets
Most hit states: [(16738165381834614119, 4)] (4 states seen, 1 unique)]
Overall cumulative: H[
{}
Unified: 0 exec-unique / 0 exec-pairs / 0 exec-triplets
Most hit states: [] (0 states seen, 0 unique)]
Current summary: H[
{"1": 6}
Unified: 0 exec-unique / 0 exec-pairs / 0 exec-triplets
Most hit states: [(16738165381834614119, 6)] (6 states seen, 1 unique)]
Schedule cumulative: H[
{"1": 0}
1: 0 events / 0 unique / 0 exec-unique / 0 exec-pairs
Unified: 0 exec-unique / 0 exec-pairs / 0 exec-triplets
Most hit states: [(16738165381834614119, 5)] (5 states seen, 1 unique)]
Overall cumulative: H[
{}
Unified: 0 exec-unique / 0 exec-pairs / 0 exec-triplets
Most hit states: [] (0 states seen, 0 unique)]
Current summary: H[
{"1": 7}
Unified: 0 exec-unique / 0 exec-pairs / 0 exec-triplets
Most hit states: [(16738165381834614119, 7)] (7 states seen, 1 unique)]
Schedule cumulative: H[
{"1": 0}
1: 0 events / 0 unique / 0 exec-unique / 0 exec-pairs
Unified: 0 exec-unique / 0 exec-pairs / 0 exec-triplets
Most hit states: [(16738165381834614119, 6)] (6 states seen, 1 unique)]
Overall cumulative: H[
{}
Unified: 0 exec-unique / 0 exec-pairs / 0 exec-triplets
Most hit states: [] (0 states seen, 0 unique)]
Current summary: H[
{"1": 8}
Unified: 0 exec-unique / 0 exec-pairs / 0 exec-triplets
Most hit states: [(16738165381834614119, 8)] (8 states seen, 1 unique)]
Schedule cumulative: H[
{"1": 0}
1: 0 events / 0 unique / 0 exec-unique / 0 exec-pairs
Unified: 0 exec-unique / 0 exec-pairs / 0 exec-triplets
Most hit states: [(16738165381834614119, 7)] (7 states seen, 1 unique)]
Overall cumulative: H[
{}
Unified: 0 exec-unique / 0 exec-pairs / 0 exec-triplets
Most hit states: [] (0 states seen, 0 unique)]
Current summary: H[
{"1": 9}
Unified: 0 exec-unique / 0 exec-pairs / 0 exec-triplets
Most hit states: [(16738165381834614119, 9)] (9 states seen, 1 unique)]
Schedule cumulative: H[
{"1": 0}
1: 0 events / 0 unique / 0 exec-unique / 0 exec-pairs
Unified: 0 exec-unique / 0 exec-pairs / 0 exec-triplets
Most hit states: [(16738165381834614119, 8)] (8 states seen, 1 unique)]
Overall cumulative: H[
{}
Unified: 0 exec-unique / 0 exec-pairs / 0 exec-triplets
Most hit states: [] (0 states seen, 0 unique)]
Current summary: H[
{"1": 10}
Unified: 0 exec-unique / 0 exec-pairs / 0 exec-triplets
Most hit states: [(16738165381834614119, 10)] (10 states seen, 1 unique)]
Schedule cumulative: H[
{"1": 0}
1: 0 events / 0 unique / 0 exec-unique / 0 exec-pairs
Unified: 0 exec-unique / 0 exec-pairs / 0 exec-triplets
Most hit states: [(16738165381834614119, 9)] (9 states seen, 1 unique)]
Overall cumulative: H[
{}
Unified: 0 exec-unique / 0 exec-pairs / 0 exec-triplets
Most hit states: [] (0 states seen, 0 unique)]
Current summary: H[
{"1": 11}
Unified: 0 exec-unique / 0 exec-pairs / 0 exec-triplets
Most hit states: [(16738165381834614119, 11)] (11 states seen, 1 unique)]
Schedule cumulative: H[
{"1": 0}
1: 0 events / 0 unique / 0 exec-unique / 0 exec-pairs
Unified: 0 exec-unique / 0 exec-pairs / 0 exec-triplets
Most hit states: [(16738165381834614119, 10)] (10 states seen, 1 unique)]
Overall cumulative: H[
{}
Unified: 0 exec-unique / 0 exec-pairs / 0 exec-triplets
Most hit states: [] (0 states seen, 0 unique)]
Current summary: H[
{"1": 12}
Unified: 0 exec-unique / 0 exec-pairs / 0 exec-triplets
Most hit states: [(16738165381834614119, 12)] (12 states seen, 1 unique)]
Schedule cumulative: H[
{"1": 0}
1: 0 events / 0 unique / 0 exec-unique / 0 exec-pairs
Unified: 0 exec-unique / 0 exec-pairs / 0 exec-triplets
Most hit states: [(16738165381834614119, 11)] (11 states seen, 1 unique)]
Overall cumulative: H[
{}
Unified: 0 exec-unique / 0 exec-pairs / 0 exec-triplets
Most hit states: [] (0 states seen, 0 unique)]
Current summary: H[
{"1": 13}
Unified: 0 exec-unique / 0 exec-pairs / 0 exec-triplets
Most hit states: [(16738165381834614119, 13)] (13 states seen, 1 unique)]
Schedule cumulative: H[
{}
Unified: 0 exec-unique / 0 exec-pairs / 0 exec-triplets
Most hit states: [] (0 states seen, 0 unique)]
Overall cumulative: H[
{}
Unified: 0 exec-unique / 0 exec-pairs / 0 exec-triplets
Most hit states: [] (0 states seen, 0 unique)]
Current summary: H[
{"1": 14}
Unified: 0 exec-unique / 0 exec-pairs / 0 exec-triplets
Most hit states: [(16738165381834614119, 14)] (14 states seen, 1 unique)]
Schedule cumulative: H[
{"1": 0}
1: 0 events / 0 unique / 0 exec-unique / 0 exec-pairs
Unified: 0 exec-unique / 0 exec-pairs / 0 exec-triplets
Most hit states: [(16738165381834614119, 13)] (13 states seen, 1 unique)]
Overall cumulative: H[
{"1": 0}
1: 0 events / 0 unique / 0 exec-unique / 0 exec-pairs
Unified: 0 exec-unique / 0 exec-pairs / 0 exec-triplets
Most hit states: [(16738165381834614119, 12)] (12 states seen, 1 unique)]
Current summary: H[
{"1": 15}
Unified: 0 exec-unique / 0 exec-pairs / 0 exec-triplets
Most hit states: [(16738165381834614119, 15)] (15 states seen, 1 unique)]
Schedule cumulative: H[
{"1": 0}
1: 0 events / 0 unique / 0 exec-unique / 0 exec-pairs
Unified: 0 exec-unique / 0 exec-pairs / 0 exec-triplets
Most hit states: [(16738165381834614119, 14)] (14 states seen, 1 unique)]
Overall cumulative: H[
{"1": 0}
1: 0 events / 0 unique / 0 exec-unique / 0 exec-pairs
Unified: 0 exec-unique / 0 exec-pairs / 0 exec-triplets
Most hit states: [(16738165381834614119, 12)] (12 states seen, 1 unique)]
Current summary: H[
{"1": 16}
Unified: 0 exec-unique / 0 exec-pairs / 0 exec-triplets
Most hit states: [(16738165381834614119, 16)] (16 states seen, 1 unique)]
Schedule cumulative: H[
{"1": 0}
1: 0 events / 0 unique / 0 exec-unique / 0 exec-pairs
Unified: 0 exec-unique / 0 exec-pairs / 0 exec-triplets
Most hit states: [(16738165381834614119, 15)] (15 states seen, 1 unique)]
Overall cumulative: H[
{"1": 0}
1: 0 events / 0 unique / 0 exec-unique / 0 exec-pairs
Unified: 0 exec-unique / 0 exec-pairs / 0 exec-triplets
Most hit states: [(16738165381834614119, 12)] (12 states seen, 1 unique)]
Current summary: H[
{"1": 17}
Unified: 0 exec-unique / 0 exec-pairs / 0 exec-triplets
Most hit states: [(16738165381834614119, 17)] (17 states seen, 1 unique)]
Schedule cumulative: H[
{"1": 0}
1: 0 events / 0 unique / 0 exec-unique / 0 exec-pairs
Unified: 0 exec-unique / 0 exec-pairs / 0 exec-triplets
Most hit states: [(16738165381834614119, 16)] (16 states seen, 1 unique)]
Overall cumulative: H[
{"1": 0}
1: 0 events / 0 unique / 0 exec-unique / 0 exec-pairs
Unified: 0 exec-unique / 0 exec-pairs / 0 exec-triplets
Most hit states: [(16738165381834614119, 12)] (12 states seen, 1 unique)]
Current summary: H[
{"1": 18}
Unified: 0 exec-unique / 0 exec-pairs / 0 exec-triplets
Most hit states: [(16738165381834614119, 18)] (18 states seen, 1 unique)]
Schedule cumulative: H[
{"1": 0}
1: 0 events / 0 unique / 0 exec-unique / 0 exec-pairs
Unified: 0 exec-unique / 0 exec-pairs / 0 exec-triplets
Most hit states: [(16738165381834614119, 17)] (17 states seen, 1 unique)]
Overall cumulative: H[
{"1": 0}
1: 0 events / 0 unique / 0 exec-unique / 0 exec-pairs
Unified: 0 exec-unique / 0 exec-pairs / 0 exec-triplets
Most hit states: [(16738165381834614119, 12)] (12 states seen, 1 unique)]
Current summary: H[
{"1": 19}
Unified: 0 exec-unique / 0 exec-pairs / 0 exec-triplets
Most hit states: [(16738165381834614119, 19)] (19 states seen, 1 unique)]
Schedule cumulative: H[
{"1": 0}
1: 0 events / 0 unique / 0 exec-unique / 0 exec-pairs
Unified: 0 exec-unique / 0 exec-pairs / 0 exec-triplets
Most hit states: [(16738165381834614119, 18)] (18 states seen, 1 unique)]
Overall cumulative: H[
{"1": 0}
1: 0 events / 0 unique / 0 exec-unique / 0 exec-pairs
Unified: 0 exec-unique / 0 exec-pairs / 0 exec-triplets
Most hit states: [(16738165381834614119, 12)] (12 states seen, 1 unique)]
Current summary: H[
{"1": 20}
Unified: 0 exec-unique / 0 exec-pairs / 0 exec-triplets
Most hit states: [(16738165381834614119, 20)] (20 states seen, 1 unique)]
Schedule cumulative: H[
{"1": 0}
1: 0 events / 0 unique / 0 exec-unique / 0 exec-pairs
Unified: 0 exec-unique / 0 exec-pairs / 0 exec-triplets
Most hit states: [(16738165381834614119, 19)] (19 states seen, 1 unique)]
Overall cumulative: H[
{"1": 0}
1: 0 events / 0 unique / 0 exec-unique / 0 exec-pairs
Unified: 0 exec-unique / 0 exec-pairs / 0 exec-triplets
Most hit states: [(16738165381834614119, 12)] (12 states seen, 1 unique)]
Current summary: H[
{"1": 21}
Unified: 0 exec-unique / 0 exec-pairs / 0 exec-triplets
Most hit states: [(16738165381834614119, 21)] (21 states seen, 1 unique)]
Schedule cumulative: H[
{"1": 0}
1: 0 events / 0 unique / 0 exec-unique / 0 exec-pairs
Unified: 0 exec-unique / 0 exec-pairs / 0 exec-triplets
Most hit states: [(16738165381834614119, 20)] (20 states seen, 1 unique)]
Overall cumulative: H[
{"1": 0}
1: 0 events / 0 unique / 0 exec-unique / 0 exec-pairs
Unified: 0 exec-unique / 0 exec-pairs / 0 exec-triplets
Most hit states: [(16738165381834614119, 12)] (12 states seen, 1 unique)]
Current summary: H[
{"1": 22}
Unified: 0 exec-unique / 0 exec-pairs / 0 exec-triplets
Most hit states: [(16738165381834614119, 22)] (22 states seen, 1 unique)]
Schedule cumulative: H[
{"1": 0}
1: 0 events / 0 unique / 0 exec-unique / 0 exec-pairs
Unified: 0 exec-unique / 0 exec-pairs / 0 exec-triplets
Most hit states: [(16738165381834614119, 21)] (21 states seen, 1 unique)]
Overall cumulative: H[
{"1": 0}
1: 0 events / 0 unique / 0 exec-unique / 0 exec-pairs
Unified: 0 exec-unique / 0 exec-pairs / 0 exec-triplets
Most hit states: [(16738165381834614119, 12)] (12 states seen, 1 unique)]
Current summary: H[
{"1": 23}
Unified: 0 exec-unique / 0 exec-pairs / 0 exec-triplets
Most hit states: [(16738165381834614119, 23)] (23 states seen, 1 unique)]
Schedule cumulative: H[
{"1": 0}
1: 0 events / 0 unique / 0 exec-unique / 0 exec-pairs
Unified: 0 exec-unique / 0 exec-pairs / 0 exec-triplets
Most hit states: [(16738165381834614119, 22)] (22 states seen, 1 unique)]
Overall cumulative: H[
{"1": 0}
1: 0 events / 0 unique / 0 exec-unique / 0 exec-pairs
Unified: 0 exec-unique / 0 exec-pairs / 0 exec-triplets
Most hit states: [(16738165381834614119, 12)] (12 states seen, 1 unique)]
Current summary: H[
{"1": 24}
Unified: 0 exec-unique / 0 exec-pairs / 0 exec-triplets
Most hit states: [(16738165381834614119, 24)] (24 states seen, 1 unique)]
Schedule cumulative: H[
{"1": 0}
1: 0 events / 0 unique / 0 exec-unique / 0 exec-pairs
Unified: 0 exec-unique / 0 exec-pairs / 0 exec-triplets
Most hit states: [(16738165381834614119, 23)] (23 states seen, 1 unique)]
Overall cumulative: H[
{"1": 0}
1: 0 events / 0 unique / 0 exec-unique / 0 exec-pairs
Unified: 0 exec-unique / 0 exec-pairs / 0 exec-triplets
Most hit states: [(16738165381834614119, 12)] (12 states seen, 1 unique)]
Current summary: H[
{"1": 25}
Unified: 0 exec-unique / 0 exec-pairs / 0 exec-triplets
Most hit states: [(16738165381834614119, 25)] (25 states seen, 1 unique)]
Schedule cumulative: H[
{}
Unified: 0 exec-unique / 0 exec-pairs / 0 exec-triplets
Most hit states: [] (0 states seen, 0 unique)]
Overall cumulative: H[
{"1": 0}
1: 0 events / 0 unique / 0 exec-unique / 0 exec-pairs
Unified: 0 exec-unique / 0 exec-pairs / 0 exec-triplets
Most hit states: [(16738165381834614119, 12)] (12 states seen, 1 unique)]
Current summary: H[
{"1": 26}
Unified: 0 exec-unique / 0 exec-pairs / 0 exec-triplets
Most hit states: [(16738165381834614119, 26)] (26 states seen, 1 unique)]
Schedule cumulative: H[
{"1": 0}
1: 0 events / 0 unique / 0 exec-unique / 0 exec-pairs
Unified: 0 exec-unique / 0 exec-pairs / 0 exec-triplets
Most hit states: [(16738165381834614119, 25)] (25 states seen, 1 unique)]
Overall cumulative: H[
{"1": 0}
1: 0 events / 0 unique / 0 exec-unique / 0 exec-pairs
Unified: 0 exec-unique / 0 exec-pairs / 0 exec-triplets
Most hit states: [(16738165381834614119, 12)] (12 states seen, 1 unique)]
